Drill Listing
=============
Drill: .02362  Tool: 1  Feed: 197  Speed: 550
X 147244  Y 322440
X 341732  Y 357874
X 343307  Y 350000
X 206299  Y 601574
X 177559  Y 557874
X 192125  Y 625590
X 368897  Y 653543

Drill: .03543  Tool: 2  Feed: 197  Speed: 550
X 131181  Y 218110
X 131496  Y 206299
X 151181  Y 218110
X 151496  Y 206299
X 159055  Y 196456
X 237795  Y 206299
X 247795  Y 206299
X 248818  Y 197637
X 257795  Y 206299
X 267795  Y 206299
X 277795  Y 206299
X 277952  Y 197637
X 287795  Y 206299
X 294488  Y 243700
X 287795  Y 233858
X 277795  Y 233858
X 267795  Y 233858
X 257795  Y 233858
X 247795  Y 233858
X 237795  Y 233858
X 222047  Y 237795
X 210236  Y 237795
X 190551  Y 233858
X 178740  Y 233858
X 166929  Y 235354
X 155118  Y 235354
X 143307  Y 233858
X 131496  Y 233858
X 125590  Y 292913
X 131889  Y 288582
X 155118  Y 265354
X 166929  Y 265354
X 178740  Y 257086
X 190551  Y 253937
X 190551  Y 288582
X 206299  Y 273543
X 206299  Y 253543
X 221259  Y 265354
X 221259  Y 280708
X 229921  Y 260629
X 237795  Y 261417
X 265354  Y 261417
X 273228  Y 285039
X 273228  Y 295039
X 275196  Y 274803
X 275354  Y 261417
X 285039  Y 285039
X 285039  Y 295039
X 285354  Y 261417
X 346456  Y 274803
X 392700  Y 313800
X 380354  Y 343700
X 379960  Y 327559
X 372854  Y 343700
X 372460  Y 327559
X 365354  Y 343700
X 364960  Y 327559
X 360236  Y 334251
X 340500  Y 313800
X 327598  Y 328346
X 327598  Y 344094
X 326377  Y 304330
X 320098  Y 328346
X 320098  Y 344094
X 317716  Y 309055
X 312598  Y 344094
X 312598  Y 328346
X 296850  Y 321653
X 291338  Y 344488
X 285039  Y 320472
X 285039  Y 330472
X 285039  Y 340472
X 285039  Y 305039
X 273228  Y 320472
X 273228  Y 330472
X 273228  Y 340472
X 273228  Y 305039
X 258267  Y 320472
X 239763  Y 340157
X 195000  Y 300000
X 195000  Y 330000
X 185000  Y 330000
X 185000  Y 300000
X 175000  Y 330000
X 175000  Y 300000
X 165000  Y 300000
X 165000  Y 330000
X 155118  Y 340157
X 155118  Y 302440
X 155118  Y 322440
X 129527  Y 338188
X 145275  Y 351968
X 145275  Y 371968
X 164960  Y 380314
X 184645  Y 371653
X 194881  Y 350000
X 195000  Y 380000
X 195000  Y 360000
X 224409  Y 359842
X 239763  Y 379921
X 265354  Y 359842
X 286535  Y 379527
X 286535  Y 367716
X 307086  Y 367322
X 316535  Y 367716
X 316535  Y 379527
X 316535  Y 359842
X 377952  Y 379921
X 376771  Y 433070
X 367716  Y 444881
X 308267  Y 439370
X 286220  Y 404330
X 276700  Y 404500
X 276700  Y 424500
X 257480  Y 406692
X 257480  Y 422440
X 250393  Y 439763
X 246850  Y 414960
X 225000  Y 434999
X 225000  Y 404999
X 215000  Y 404999
X 215000  Y 434999
X 214960  Y 414960
X 205000  Y 434999
X 205000  Y 404999
X 195000  Y 434999
X 195000  Y 404999
X 185039  Y 422440
X 185000  Y 434999
X 185000  Y 404999
X 175000  Y 434999
X 175000  Y 404999
X 165000  Y 434999
X 165000  Y 405000
X 156299  Y 429921
X 145275  Y 422440
X 124724  Y 455275
X 124724  Y 445275
X 154724  Y 445275
X 154724  Y 455275
X 194488  Y 466141
X 194488  Y 446141
X 212204  Y 448425
X 215000  Y 455000
X 238188  Y 447637
X 255511  Y 447637
X 322834  Y 454724
X 353149  Y 459842
X 359842  Y 447637
X 366141  Y 454724
X 414960  Y 464960
X 332283  Y 481889
X 316535  Y 475590
X 309842  Y 514173
X 281102  Y 496062
X 280314  Y 514173
X 273228  Y 475984
X 273228  Y 505511
X 255905  Y 475590
X 253543  Y 505511
X 253543  Y 485511
X 231889  Y 511811
X 215000  Y 475000
X 210000  Y 520000
X 210000  Y 510000
X 195000  Y 495000
X 195000  Y 515000
X 145275  Y 475984
X 139370  Y 552755
X 146850  Y 561811
X 157086  Y 540944
X 167086  Y 540944
X 177086  Y 540944
X 187086  Y 540944
X 190944  Y 552755
X 218110  Y 552755
X 218110  Y 532755
X 276377  Y 529133
X 276377  Y 555787
X 276377  Y 545787
X 285433  Y 531496
X 292913  Y 534251
X 303149  Y 551968
X 303543  Y 536614
X 309448  Y 544881
X 332283  Y 544881
X 333070  Y 526574
X 336614  Y 569685
X 349212  Y 560629
X 414960  Y 551574
X 368110  Y 574409
X 364960  Y 591732
X 347244  Y 577165
X 329527  Y 584251
X 292125  Y 579921
X 277165  Y 587401
X 266929  Y 579921
X 219291  Y 580708
X 187086  Y 570944
X 180708  Y 587125
X 177086  Y 570944
X 167086  Y 570944
X 159055  Y 595157
X 159055  Y 585157
X 157086  Y 570944
X 139370  Y 595157
X 139370  Y 585157
X 129527  Y 581377
X 129527  Y 571377
X 131496  Y 605905
X 141496  Y 605905
X 151496  Y 605905
X 161496  Y 605905
X 171496  Y 605905
X 176377  Y 618897
X 180708  Y 597125
X 181496  Y 605905
X 191496  Y 605905
X 201181  Y 618897
X 201496  Y 605905
X 218110  Y 608267
X 229921  Y 615748
X 268897  Y 601574
X 288976  Y 595669
X 354330  Y 619685
X 371653  Y 607559
X 430708  Y 615433
X 430708  Y 635433
X 382716  Y 635433
X 375216  Y 635433
X 371653  Y 627559
X 367716  Y 635433
X 359842  Y 636614
X 346062  Y 625984
X 324409  Y 631102
X 306299  Y 636614
X 294881  Y 631102
X 288976  Y 628346
X 268543  Y 639370
X 261043  Y 639370
X 253543  Y 639370
X 246850  Y 628346
X 229921  Y 635748
X 218110  Y 635826
X 201496  Y 635905
X 191496  Y 635905
X 181496  Y 635905
X 171496  Y 635905
X 161496  Y 635905
X 151496  Y 635905
X 141496  Y 635905
X 131496  Y 635905
X 141338  Y 668425
X 141338  Y 648425
X 161417  Y 668503
X 239370  Y 648425
X 255354  Y 662992
X 265354  Y 662992
X 310472  Y 662992
X 320472  Y 662992
X 334094  Y 662992
X 344094  Y 662992
X 379133  Y 657480
X 382677  Y 647244

Drill: .03937  Tool: 3  Feed: 197  Speed: 550
X 131496  Y 273858
X 143307  Y 273858
X 178740  Y 273858
X 190551  Y 273858
X 206299  Y 288976
X 210236  Y 197795
X 218110  Y 288346
X 222047  Y 197795
X 229921  Y 288346
X 241732  Y 288346
X 352700  Y 313800
X 300500  Y 313800
X 241732  Y 328346
X 229921  Y 328346
X 218110  Y 328346
X 206299  Y 328976
X 131496  Y 312598
X 131496  Y 302598
X 131496  Y 322598
X 165000  Y 350000
X 165000  Y 390000
X 175000  Y 350000
X 175000  Y 390000
X 185000  Y 350000
X 185000  Y 390000
X 215000  Y 350000
X 215000  Y 390000
X 225000  Y 350000
X 225000  Y 390000
X 246900  Y 392500
X 257200  Y 392500
X 267600  Y 392100
X 359842  Y 363149
X 371653  Y 363149
X 371653  Y 403149
X 359842  Y 403149
X 267600  Y 432100
X 257200  Y 432500
X 246900  Y 432500
X 185000  Y 445000
X 175000  Y 445000
X 165000  Y 445000
X 204330  Y 446456
X 245669  Y 454330
X 245669  Y 464330
X 255669  Y 454330
X 255669  Y 464330
X 265669  Y 454330
X 265669  Y 464330
X 275669  Y 454330
X 275669  Y 464330
X 285669  Y 454330
X 285669  Y 464330
X 295669  Y 464330
X 295669  Y 454330
X 305669  Y 454330
X 305669  Y 464330
X 292283  Y 481889
X 204330  Y 486456
X 185000  Y 485000
X 175000  Y 485000
X 165000  Y 485000
X 152755  Y 486614
X 127952  Y 494881
X 127952  Y 484881
X 127952  Y 504881
X 152755  Y 526614
X 206299  Y 532440
X 206299  Y 572440
X 277165  Y 607874
X 288976  Y 607244
X 292283  Y 544881
X 300787  Y 607874
X 312598  Y 607244
X 324409  Y 607244
X 336220  Y 607874
X 348031  Y 607874
X 359842  Y 607244
X 373779  Y 662992
X 363779  Y 662992
X 359842  Y 647244
X 348031  Y 647874
X 336220  Y 647874
X 324409  Y 647244
X 312598  Y 647244
X 300787  Y 647874
X 298976  Y 662992
X 288976  Y 662992
X 288976  Y 647244
X 277165  Y 647874
X 243858  Y 662992
X 233858  Y 662992
X 208425  Y 662992
X 198425  Y 662992

Drill: .04724  Tool: 4  Feed: 139  Speed: 550
X 308800  Y 201980
X 338721  Y 215759
X 360700  Y 201980
X 390621  Y 215759
X 430708  Y 147244
X 438208  Y 187244
X 390621  Y 294500
X 360700  Y 229539
X 360700  Y 294500
X 338721  Y 294500
X 308800  Y 229539
X 308800  Y 294500
X 395077  Y 433100
X 437400  Y 433100
X 329921  Y 496850
X 323228  Y 496850
X 316535  Y 496850
X 309842  Y 496850
X 303149  Y 496850
X 303149  Y 559842
X 309842  Y 559842
X 316535  Y 559842
X 323228  Y 559842
X 329921  Y 559842
X 405903  Y 584674
X 437400  Y 584674

Drill: .05906  Tool: 5  Feed: 107  Speed: 550
X 139370  Y 162992
X 159055  Y 162992
X 178740  Y 162992
X 198425  Y 162992
X 218110  Y 162992
X 237795  Y 162992
X 257480  Y 162992
X 277165  Y 162992
X 296850  Y 162992
X 316535  Y 162992
X 336220  Y 162992
X 355905  Y 162992
X 375590  Y 162992
X 395275  Y 162992
X 414960  Y 162992
X 430708  Y 229921
X 430708  Y 317795
X 316535  Y 522047
X 316535  Y 585039

Drill: .07087  Tool: 6  Feed: 81  Speed: 550
X 430708  Y 348031
X 430708  Y 363937
X 407086  Y 659055
X 391181  Y 659055

Drill: .1378  Tool: 7  Feed: 35  Speed: 794
X 120235  Y 120235
X 435195  Y 120235
X 435195  Y 395825
X 120235  Y 395825
X 120235  Y 671416
X 435195  Y 671416

End of Listing
