Drill Listing
=============
Drill: .02362  Tool: 1  Feed: 197  Speed: 550
X 123622  Y 119685
X 128622  Y 119685
X 133622  Y 119685
X 138622  Y 119685
X 143622  Y 119685
X 133622  Y 124685
X 128622  Y 124685
X 138622  Y 124685
X 143622  Y 124685
X 123622  Y 124685
X 160629  Y 148425
X 167322  Y 308661
X 118110  Y 387007
X 169685  Y 318897
X 178740  Y 314173
X 213385  Y 309448
X 214960  Y 302755
X 207086  Y 300393
X 198425  Y 219291
X 190551  Y 181496
X 192125  Y 161811
X 209448  Y 140157
X 200000  Y 131496
X 206299  Y 131102
X 169291  Y 127952
X 172440  Y 123228
X 249212  Y 113779
X 243700  Y 114173
X 237795  Y 127952
X 244094  Y 127952
X 259842  Y 174803
X 266535  Y 189763
X 240157  Y 217322
X 234251  Y 258661
X 265748  Y 272440
X 260629  Y 306299
X 229921  Y 318897
X 222834  Y 326771
X 284645  Y 309448
X 316535  Y 272440
X 301181  Y 260236
X 282677  Y 257874
X 288582  Y 218897
X 316535  Y 216929
X 275984  Y 181102
X 269291  Y 171653
X 283858  Y 170866
X 289370  Y 167716
X 298818  Y 152362
X 288582  Y 134251
X 283858  Y 130708
X 329133  Y 258267
X 333070  Y 277952
X 384645  Y 309448
X 340157  Y 310236
X 333070  Y 312204
X 385826  Y 318897
X 339763  Y 319291
X 345669  Y 328740
X 371259  Y 371653
X 379527  Y 371653

Drill: .03543  Tool: 2  Feed: 197  Speed: 550
X 133070  Y 137401
X 119685  Y 152362
X 142913  Y 152362
X 119685  Y 162362
X 119685  Y 172362
X 141338  Y 182283
X 119685  Y 182362
X 127165  Y 188582
X 119685  Y 192362
X 119685  Y 202362
X 133070  Y 202755
X 141338  Y 219291
X 123622  Y 255511
X 135826  Y 270866
X 135433  Y 328346
X 138188  Y 377165
X 135433  Y 471141
X 139763  Y 479527
X 164960  Y 501968
X 151574  Y 494488
X 147637  Y 479921
X 151181  Y 471141
X 151181  Y 461141
X 146062  Y 362598
X 162992  Y 344094
X 143307  Y 344094
X 162992  Y 334094
X 143307  Y 334094
X 162992  Y 324094
X 143307  Y 324094
X 162992  Y 314094
X 143307  Y 314094
X 143307  Y 304094
X 159842  Y 300393
X 148818  Y 188582
X 143307  Y 171929
X 143307  Y 161929
X 155905  Y 157480
X 182677  Y 126299
X 182677  Y 136299
X 182677  Y 146299
X 182677  Y 156299
X 182677  Y 166299
X 182677  Y 176299
X 182677  Y 186299
X 182677  Y 196299
X 182677  Y 206299
X 185039  Y 272519
X 185039  Y 292519
X 192913  Y 294881
X 192992  Y 314094
X 192992  Y 324094
X 177559  Y 331102
X 192992  Y 334094
X 192992  Y 344094
X 175196  Y 361417
X 175984  Y 373622
X 168503  Y 394488
X 182283  Y 404724
X 169685  Y 451259
X 169685  Y 471259
X 206299  Y 477952
X 233858  Y 454330
X 241358  Y 454330
X 218110  Y 446062
X 196062  Y 399606
X 236220  Y 373622
X 206299  Y 344094
X 233858  Y 344094
X 206299  Y 324094
X 225590  Y 300787
X 231889  Y 294881
X 231889  Y 266929
X 235196  Y 206299
X 225196  Y 206299
X 215196  Y 206299
X 195196  Y 206299
X 205196  Y 206299
X 251968  Y 156692
X 276771  Y 193307
X 245196  Y 206299
X 265196  Y 206299
X 275196  Y 206299
X 255196  Y 206299
X 277165  Y 220078
X 277165  Y 240078
X 245669  Y 249606
X 277165  Y 266535
X 258661  Y 318110
X 292913  Y 322047
X 250000  Y 334645
X 243700  Y 355118
X 243700  Y 377952
X 272440  Y 424803
X 248818  Y 446062
X 265354  Y 454330
X 272854  Y 454330
X 280354  Y 454330
X 248858  Y 454330
X 318503  Y 479921
X 304350  Y 454330
X 311850  Y 454330
X 328346  Y 454330
X 335846  Y 454330
X 296850  Y 454330
X 318503  Y 424803
X 320866  Y 404724
X 338976  Y 399606
X 331889  Y 387007
X 338976  Y 332677
X 331889  Y 324015
X 306692  Y 323228
X 295669  Y 310629
X 322440  Y 301574
X 312992  Y 278346
X 298818  Y 239370
X 334251  Y 213779
X 302283  Y 200866
X 332283  Y 200866
X 302362  Y 192913
X 294488  Y 174015
X 302283  Y 170866
X 332283  Y 170866
X 307874  Y 165354
X 341732  Y 150708
X 323503  Y 149212
X 313503  Y 149212
X 304724  Y 131496
X 324724  Y 131496
X 341732  Y 130708
X 304724  Y 121653
X 324724  Y 121653
X 351968  Y 129527
X 365748  Y 148425
X 353937  Y 172362
X 365748  Y 172362
X 353937  Y 202362
X 365748  Y 202362
X 351181  Y 209842
X 345669  Y 218897
X 350787  Y 265748
X 351968  Y 304094
X 351968  Y 314094
X 351968  Y 324094
X 351968  Y 334094
X 351968  Y 344094
X 367716  Y 351968
X 358661  Y 358267
X 364566  Y 438582
X 343346  Y 454330
X 367716  Y 461023
X 358661  Y 468110
X 398897  Y 438582
X 392125  Y 394488
X 399212  Y 376771
X 406692  Y 358267
X 371653  Y 344094
X 401653  Y 344094
X 371653  Y 334094
X 401653  Y 334094
X 371653  Y 324094
X 401653  Y 324094
X 401653  Y 314094
X 371653  Y 314094
X 401653  Y 304094
X 371653  Y 304094
X 371653  Y 294094
X 401653  Y 294094
X 371653  Y 284094
X 401653  Y 284094
X 371653  Y 271259
X 373622  Y 240157
X 397637  Y 202362
X 405511  Y 194094
X 397559  Y 178740
X 377559  Y 178740
X 397637  Y 156692
X 378346  Y 142519
X 384251  Y 129527
X 392125  Y 125196
X 422834  Y 293307
X 418897  Y 324094
X 418897  Y 344094
X 424803  Y 351968
X 433070  Y 403149
X 418897  Y 438582

Drill: .03937  Tool: 3  Feed: 197  Speed: 550
X 159055  Y 130866
X 159055  Y 170866
X 159055  Y 367716
X 159055  Y 407716
X 135433  Y 410866
X 135433  Y 420866
X 194488  Y 493700
X 234488  Y 493700
X 247637  Y 493700
X 194488  Y 479921
X 247637  Y 479921
X 234488  Y 479921
X 262165  Y 433149
X 252165  Y 433149
X 252165  Y 373149
X 262165  Y 373149
X 262047  Y 350000
X 222047  Y 350000
X 222047  Y 336220
X 262047  Y 336220
X 245669  Y 295039
X 255669  Y 295039
X 265669  Y 295039
X 255669  Y 285039
X 265669  Y 285039
X 245669  Y 285039
X 275669  Y 285039
X 285669  Y 285039
X 305669  Y 285039
X 295669  Y 285039
X 285669  Y 295039
X 275669  Y 295039
X 305669  Y 295039
X 295669  Y 295039
X 275196  Y 322440
X 315196  Y 322440
X 315196  Y 336220
X 275196  Y 336220
X 315196  Y 350000
X 275196  Y 350000
X 292165  Y 373149
X 272165  Y 373149
X 302165  Y 373149
X 282165  Y 373149
X 292165  Y 433149
X 302165  Y 433149
X 272165  Y 433149
X 282165  Y 433149
X 301732  Y 479921
X 287637  Y 479921
X 287637  Y 493700
X 300787  Y 493700
X 340787  Y 493700
X 353307  Y 493700
X 341732  Y 479921
X 387401  Y 407716
X 387401  Y 367716
X 376929  Y 168897
X 377559  Y 157086
X 351968  Y 153149
X 351968  Y 113149
X 417559  Y 157086
X 416929  Y 168897
X 418897  Y 363622
X 399212  Y 367716
X 418897  Y 373622
X 399212  Y 407716
X 418897  Y 410866
X 418897  Y 420866
X 393307  Y 493700

Drill: .05906  Tool: 4  Feed: 107  Speed: 550
X 140354  Y 229921
X 189566  Y 229921
X 215157  Y 229921
X 189566  Y 249606
X 215157  Y 249606
X 140354  Y 249606
X 264370  Y 249606
X 289960  Y 249606
X 264370  Y 229921
X 289960  Y 229921
X 364763  Y 115748
X 364763  Y 135433
X 364763  Y 229921
X 339173  Y 229921
X 339173  Y 249606
X 364763  Y 249606
X 413976  Y 249606
X 413976  Y 229921
X 413976  Y 135433
X 413976  Y 115748

Drill: .1378  Tool: 5  Feed: 35  Speed: 794
X 120235  Y 226534
X 120235  Y 502124
X 435195  Y 502124
X 435195  Y 226534

End of Listing
